<?xml version="1.0" encoding="UTF-8"?>
<testsuite xmlns:xsi="http://www.w3.org/2001/XMLSchema-instance" xsi:noNamespaceSchemaLocation="https://maven.apache.org/surefire/maven-surefire-plugin/xsd/surefire-test-report.xsd" name="service.ServiceTest" time="1.345" tests="8" errors="0" skipped="0" failures="0">
  <properties>
[...]
</properties>
  <testcase name="tcAddStudentInvalidId" classname="service.ServiceTest" time="0.432"/>
  <testcase name="tcAddStudentValidEmail" classname="service.ServiceTest" time="0.323"/>
  <testcase name="tcAddStudentInvalidEmail" classname="service.ServiceTest" time="0.074"/>
  <testcase name="tcAddStudentValidName" classname="service.ServiceTest" time="0.102"/>
  <testcase name="tcAddStudentValidStudentGroupBVA2" classname="service.ServiceTest" time="0.109"/>
  <testcase name="tcAddStudentInvalidStudentGroupBVA2" classname="service.ServiceTest" time="0.067"/>
  <testcase name="tcAddStudentInvalidName" classname="service.ServiceTest" time="0.058"/>
  <testcase name="tcAddStudentValidId" classname="service.ServiceTest" time="0.09"/>
</testsuite>